<?xml version="1.0" encoding="UTF-8"?>
<testsuite xmlns:xsi="http://www.w3.org/2001/XMLSchema-instance" xsi:noNamespaceSchemaLocation="https://maven.apache.org/surefire/maven-surefire-plugin/xsd/surefire-test-report-3.0.xsd" version="3.0" name="tqs.project.controller.CarControllerTest" time="15.959" tests="1" errors="0" skipped="0" failures="0">
  <properties>
    <property name="java.specification.version" value="21"/>
    <property name="sun.jnu.encoding" value="UTF-8"/>
    <property name="java.class.path" value="/mnt/c/users/João Morais/Desktop/TQS/TQS_PROJECT/projX/target/test-classes:/mnt/c/users/João Morais/Desktop/TQS/TQS_PROJECT/projX/target/classes:/home/bruhlin/.m2/repository/org/springframework/boot/spring-boot-starter-web/3.4.5/spring-boot-starter-web-3.4.5.jar:/home/bruhlin/.m2/repository/org/springframework/boot/spring-boot-starter/3.4.5/spring-boot-starter-3.4.5.jar:/home/bruhlin/.m2/repository/org/springframework/boot/spring-boot-starter-logging/3.4.5/spring-boot-starter-logging-3.4.5.jar:/home/bruhlin/.m2/repository/ch/qos/logback/logback-classic/1.5.18/logback-classic-1.5.18.jar:/home/bruhlin/.m2/repository/ch/qos/logback/logback-core/1.5.18/logback-core-1.5.18.jar:/home/bruhlin/.m2/repository/org/apache/logging/log4j/log4j-to-slf4j/2.24.3/log4j-to-slf4j-2.24.3.jar:/home/bruhlin/.m2/repository/org/apache/logging/log4j/log4j-api/2.24.3/log4j-api-2.24.3.jar:/home/bruhlin/.m2/repository/org/slf4j/jul-to-slf4j/2.0.17/jul-to-slf4j-2.0.17.jar:/home/bruhlin/.m2/repository/jakarta/annotation/jakarta.annotation-api/2.1.1/jakarta.annotation-api-2.1.1.jar:/home/bruhlin/.m2/repository/org/yaml/snakeyaml/2.3/snakeyaml-2.3.jar:/home/bruhlin/.m2/repository/org/springframework/boot/spring-boot-starter-json/3.4.5/spring-boot-starter-json-3.4.5.jar:/home/bruhlin/.m2/repository/com/fasterxml/jackson/datatype/jackson-datatype-jdk8/2.18.3/jackson-datatype-jdk8-2.18.3.jar:/home/bruhlin/.m2/repository/com/fasterxml/jackson/datatype/jackson-datatype-jsr310/2.18.3/jackson-datatype-jsr310-2.18.3.jar:/home/bruhlin/.m2/repository/com/fasterxml/jackson/module/jackson-module-parameter-names/2.18.3/jackson-module-parameter-names-2.18.3.jar:/home/bruhlin/.m2/repository/org/springframework/boot/spring-boot-starter-tomcat/3.4.5/spring-boot-starter-tomcat-3.4.5.jar:/home/bruhlin/.m2/repository/org/apache/tomcat/embed/tomcat-embed-core/10.1.40/tomcat-embed-core-10.1.40.jar:/home/bruhlin/.m2/repository/org/apache/tomcat/embed/tomcat-embed-websocket/10.1.40/tomcat-embed-websocket-10.1.40.jar:/home/bruhlin/.m2/repository/org/springframework/spring-web/6.2.6/spring-web-6.2.6.jar:/home/bruhlin/.m2/repository/org/springframework/spring-beans/6.2.6/spring-beans-6.2.6.jar:/home/bruhlin/.m2/repository/io/micrometer/micrometer-observation/1.14.6/micrometer-observation-1.14.6.jar:/home/bruhlin/.m2/repository/io/micrometer/micrometer-commons/1.14.6/micrometer-commons-1.14.6.jar:/home/bruhlin/.m2/repository/org/springframework/spring-webmvc/6.2.6/spring-webmvc-6.2.6.jar:/home/bruhlin/.m2/repository/org/springframework/spring-aop/6.2.6/spring-aop-6.2.6.jar:/home/bruhlin/.m2/repository/org/springframework/spring-context/6.2.6/spring-context-6.2.6.jar:/home/bruhlin/.m2/repository/org/springframework/spring-expression/6.2.6/spring-expression-6.2.6.jar:/home/bruhlin/.m2/repository/org/springframework/boot/spring-boot-starter-data-jpa/3.4.5/spring-boot-starter-data-jpa-3.4.5.jar:/home/bruhlin/.m2/repository/org/springframework/boot/spring-boot-starter-jdbc/3.4.5/spring-boot-starter-jdbc-3.4.5.jar:/home/bruhlin/.m2/repository/com/zaxxer/HikariCP/5.1.0/HikariCP-5.1.0.jar:/home/bruhlin/.m2/repository/org/springframework/spring-jdbc/6.2.6/spring-jdbc-6.2.6.jar:/home/bruhlin/.m2/repository/org/hibernate/orm/hibernate-core/6.6.13.Final/hibernate-core-6.6.13.Final.jar:/home/bruhlin/.m2/repository/jakarta/persistence/jakarta.persistence-api/3.1.0/jakarta.persistence-api-3.1.0.jar:/home/bruhlin/.m2/repository/jakarta/transaction/jakarta.transaction-api/2.0.1/jakarta.transaction-api-2.0.1.jar:/home/bruhlin/.m2/repository/org/jboss/logging/jboss-logging/3.6.1.Final/jboss-logging-3.6.1.Final.jar:/home/bruhlin/.m2/repository/org/hibernate/common/hibernate-commons-annotations/7.0.3.Final/hibernate-commons-annotations-7.0.3.Final.jar:/home/bruhlin/.m2/repository/io/smallrye/jandex/3.2.0/jandex-3.2.0.jar:/home/bruhlin/.m2/repository/com/fasterxml/classmate/1.7.0/classmate-1.7.0.jar:/home/bruhlin/.m2/repository/net/bytebuddy/byte-buddy/1.15.11/byte-buddy-1.15.11.jar:/home/bruhlin/.m2/repository/org/glassfish/jaxb/jaxb-runtime/4.0.5/jaxb-runtime-4.0.5.jar:/home/bruhlin/.m2/repository/org/glassfish/jaxb/jaxb-core/4.0.5/jaxb-core-4.0.5.jar:/home/bruhlin/.m2/repository/org/eclipse/angus/angus-activation/2.0.2/angus-activation-2.0.2.jar:/home/bruhlin/.m2/repository/org/glassfish/jaxb/txw2/4.0.5/txw2-4.0.5.jar:/home/bruhlin/.m2/repository/com/sun/istack/istack-commons-runtime/4.1.2/istack-commons-runtime-4.1.2.jar:/home/bruhlin/.m2/repository/jakarta/inject/jakarta.inject-api/2.0.1/jakarta.inject-api-2.0.1.jar:/home/bruhlin/.m2/repository/org/antlr/antlr4-runtime/4.13.0/antlr4-runtime-4.13.0.jar:/home/bruhlin/.m2/repository/org/springframework/data/spring-data-jpa/3.4.5/spring-data-jpa-3.4.5.jar:/home/bruhlin/.m2/repository/org/springframework/data/spring-data-commons/3.4.5/spring-data-commons-3.4.5.jar:/home/bruhlin/.m2/repository/org/springframework/spring-orm/6.2.6/spring-orm-6.2.6.jar:/home/bruhlin/.m2/repository/org/springframework/spring-tx/6.2.6/spring-tx-6.2.6.jar:/home/bruhlin/.m2/repository/org/slf4j/slf4j-api/2.0.17/slf4j-api-2.0.17.jar:/home/bruhlin/.m2/repository/org/springframework/spring-aspects/6.2.6/spring-aspects-6.2.6.jar:/home/bruhlin/.m2/repository/org/aspectj/aspectjweaver/1.9.24/aspectjweaver-1.9.24.jar:/home/bruhlin/.m2/repository/jakarta/validation/jakarta.validation-api/3.0.2/jakarta.validation-api-3.0.2.jar:/home/bruhlin/.m2/repository/org/springframework/boot/spring-boot-starter-validation/3.4.5/spring-boot-starter-validation-3.4.5.jar:/home/bruhlin/.m2/repository/org/apache/tomcat/embed/tomcat-embed-el/10.1.40/tomcat-embed-el-10.1.40.jar:/home/bruhlin/.m2/repository/org/hibernate/validator/hibernate-validator/8.0.2.Final/hibernate-validator-8.0.2.Final.jar:/home/bruhlin/.m2/repository/org/projectlombok/lombok/1.18.38/lombok-1.18.38.jar:/home/bruhlin/.m2/repository/org/springdoc/springdoc-openapi-starter-webmvc-ui/2.6.0/springdoc-openapi-starter-webmvc-ui-2.6.0.jar:/home/bruhlin/.m2/repository/org/springdoc/springdoc-openapi-starter-webmvc-api/2.6.0/springdoc-openapi-starter-webmvc-api-2.6.0.jar:/home/bruhlin/.m2/repository/org/springdoc/springdoc-openapi-starter-common/2.6.0/springdoc-openapi-starter-common-2.6.0.jar:/home/bruhlin/.m2/repository/io/swagger/core/v3/swagger-core-jakarta/2.2.22/swagger-core-jakarta-2.2.22.jar:/home/bruhlin/.m2/repository/org/apache/commons/commons-lang3/3.17.0/commons-lang3-3.17.0.jar:/home/bruhlin/.m2/repository/io/swagger/core/v3/swagger-annotations-jakarta/2.2.22/swagger-annotations-jakarta-2.2.22.jar:/home/bruhlin/.m2/repository/io/swagger/core/v3/swagger-models-jakarta/2.2.22/swagger-models-jakarta-2.2.22.jar:/home/bruhlin/.m2/repository/com/fasterxml/jackson/dataformat/jackson-dataformat-yaml/2.18.3/jackson-dataformat-yaml-2.18.3.jar:/home/bruhlin/.m2/repository/org/webjars/swagger-ui/5.17.14/swagger-ui-5.17.14.jar:/home/bruhlin/.m2/repository/com/mysql/mysql-connector-j/8.0.33/mysql-connector-j-8.0.33.jar:/home/bruhlin/.m2/repository/com/h2database/h2/2.3.232/h2-2.3.232.jar:/home/bruhlin/.m2/repository/org/springframework/boot/spring-boot-starter-test/3.4.5/spring-boot-starter-test-3.4.5.jar:/home/bruhlin/.m2/repository/org/springframework/boot/spring-boot-test/3.4.5/spring-boot-test-3.4.5.jar:/home/bruhlin/.m2/repository/org/springframework/boot/spring-boot-test-autoconfigure/3.4.5/spring-boot-test-autoconfigure-3.4.5.jar:/home/bruhlin/.m2/repository/com/jayway/jsonpath/json-path/2.9.0/json-path-2.9.0.jar:/home/bruhlin/.m2/repository/jakarta/xml/bind/jakarta.xml.bind-api/4.0.2/jakarta.xml.bind-api-4.0.2.jar:/home/bruhlin/.m2/repository/jakarta/activation/jakarta.activation-api/2.1.3/jakarta.activation-api-2.1.3.jar:/home/bruhlin/.m2/repository/net/minidev/json-smart/2.5.2/json-smart-2.5.2.jar:/home/bruhlin/.m2/repository/net/minidev/accessors-smart/2.5.2/accessors-smart-2.5.2.jar:/home/bruhlin/.m2/repository/org/ow2/asm/asm/9.7.1/asm-9.7.1.jar:/home/bruhlin/.m2/repository/org/assertj/assertj-core/3.26.3/assertj-core-3.26.3.jar:/home/bruhlin/.m2/repository/org/awaitility/awaitility/4.2.2/awaitility-4.2.2.jar:/home/bruhlin/.m2/repository/org/hamcrest/hamcrest/2.2/hamcrest-2.2.jar:/home/bruhlin/.m2/repository/org/junit/jupiter/junit-jupiter/5.11.4/junit-jupiter-5.11.4.jar:/home/bruhlin/.m2/repository/org/junit/jupiter/junit-jupiter-params/5.11.4/junit-jupiter-params-5.11.4.jar:/home/bruhlin/.m2/repository/org/junit/jupiter/junit-jupiter-engine/5.11.4/junit-jupiter-engine-5.11.4.jar:/home/bruhlin/.m2/repository/org/mockito/mockito-core/5.14.2/mockito-core-5.14.2.jar:/home/bruhlin/.m2/repository/net/bytebuddy/byte-buddy-agent/1.15.11/byte-buddy-agent-1.15.11.jar:/home/bruhlin/.m2/repository/org/objenesis/objenesis/3.3/objenesis-3.3.jar:/home/bruhlin/.m2/repository/org/mockito/mockito-junit-jupiter/5.14.2/mockito-junit-jupiter-5.14.2.jar:/home/bruhlin/.m2/repository/org/skyscreamer/jsonassert/1.5.3/jsonassert-1.5.3.jar:/home/bruhlin/.m2/repository/com/vaadin/external/google/android-json/0.0.20131108.vaadin1/android-json-0.0.20131108.vaadin1.jar:/home/bruhlin/.m2/repository/org/springframework/spring-core/6.2.6/spring-core-6.2.6.jar:/home/bruhlin/.m2/repository/org/springframework/spring-jcl/6.2.6/spring-jcl-6.2.6.jar:/home/bruhlin/.m2/repository/org/springframework/spring-test/6.2.6/spring-test-6.2.6.jar:/home/bruhlin/.m2/repository/org/xmlunit/xmlunit-core/2.10.0/xmlunit-core-2.10.0.jar:/home/bruhlin/.m2/repository/com/fasterxml/jackson/core/jackson-databind/2.18.3/jackson-databind-2.18.3.jar:/home/bruhlin/.m2/repository/com/fasterxml/jackson/core/jackson-annotations/2.18.3/jackson-annotations-2.18.3.jar:/home/bruhlin/.m2/repository/com/fasterxml/jackson/core/jackson-core/2.18.3/jackson-core-2.18.3.jar:/home/bruhlin/.m2/repository/io/cucumber/cucumber-java/7.22.1/cucumber-java-7.22.1.jar:/home/bruhlin/.m2/repository/io/cucumber/cucumber-core/7.22.1/cucumber-core-7.22.1.jar:/home/bruhlin/.m2/repository/io/cucumber/cucumber-gherkin/7.22.1/cucumber-gherkin-7.22.1.jar:/home/bruhlin/.m2/repository/io/cucumber/cucumber-gherkin-messages/7.22.1/cucumber-gherkin-messages-7.22.1.jar:/home/bruhlin/.m2/repository/io/cucumber/gherkin/32.1.1/gherkin-32.1.1.jar:/home/bruhlin/.m2/repository/io/cucumber/messages/27.2.0/messages-27.2.0.jar:/home/bruhlin/.m2/repository/io/cucumber/testng-xml-formatter/0.3.1/testng-xml-formatter-0.3.1.jar:/home/bruhlin/.m2/repository/io/cucumber/query/13.2.0/query-13.2.0.jar:/home/bruhlin/.m2/repository/io/cucumber/tag-expressions/6.1.2/tag-expressions-6.1.2.jar:/home/bruhlin/.m2/repository/io/cucumber/cucumber-expressions/18.0.1/cucumber-expressions-18.0.1.jar:/home/bruhlin/.m2/repository/io/cucumber/datatable/7.22.1/datatable-7.22.1.jar:/home/bruhlin/.m2/repository/io/cucumber/cucumber-plugin/7.22.1/cucumber-plugin-7.22.1.jar:/home/bruhlin/.m2/repository/io/cucumber/docstring/7.22.1/docstring-7.22.1.jar:/home/bruhlin/.m2/repository/io/cucumber/html-formatter/21.10.1/html-formatter-21.10.1.jar:/home/bruhlin/.m2/repository/io/cucumber/junit-xml-formatter/0.7.1/junit-xml-formatter-0.7.1.jar:/home/bruhlin/.m2/repository/io/cucumber/ci-environment/10.0.1/ci-environment-10.0.1.jar:/home/bruhlin/.m2/repository/org/apiguardian/apiguardian-api/1.1.2/apiguardian-api-1.1.2.jar:/home/bruhlin/.m2/repository/app/getxray/xray-junit-extensions/0.7.3/xray-junit-extensions-0.7.3.jar:/home/bruhlin/.m2/repository/org/junit/jupiter/junit-jupiter-api/5.11.4/junit-jupiter-api-5.11.4.jar:/home/bruhlin/.m2/repository/org/opentest4j/opentest4j/1.3.0/opentest4j-1.3.0.jar:/home/bruhlin/.m2/repository/org/junit/platform/junit-platform-reporting/1.11.4/junit-platform-reporting-1.11.4.jar:/home/bruhlin/.m2/repository/org/junit/platform/junit-platform-launcher/1.11.4/junit-platform-launcher-1.11.4.jar:/home/bruhlin/.m2/repository/org/junit/platform/junit-platform-engine/1.11.4/junit-platform-engine-1.11.4.jar:/home/bruhlin/.m2/repository/org/junit/platform/junit-platform-commons/1.11.4/junit-platform-commons-1.11.4.jar:/home/bruhlin/.m2/repository/org/springframework/boot/spring-boot-devtools/3.4.5/spring-boot-devtools-3.4.5.jar:/home/bruhlin/.m2/repository/org/springframework/boot/spring-boot/3.4.5/spring-boot-3.4.5.jar:/home/bruhlin/.m2/repository/org/springframework/boot/spring-boot-autoconfigure/3.4.5/spring-boot-autoconfigure-3.4.5.jar:"/>
    <property name="java.vm.vendor" value="Ubuntu"/>
    <property name="sun.arch.data.model" value="64"/>
    <property name="java.vendor.url" value="https://ubuntu.com/"/>
    <property name="user.timezone" value="Europe/Lisbon"/>
    <property name="org.jboss.logging.provider" value="slf4j"/>
    <property name="os.name" value="Linux"/>
    <property name="java.vm.specification.version" value="21"/>
    <property name="APPLICATION_NAME" value="project"/>
    <property name="sun.java.launcher" value="SUN_STANDARD"/>
    <property name="sun.boot.library.path" value="/usr/lib/jvm/java-21-openjdk-amd64/lib"/>
    <property name="sun.java.command" value="/mnt/c/users/João Morais/Desktop/TQS/TQS_PROJECT/projX/target/surefire/surefirebooter-20250523155254877_3.jar /mnt/c/users/João Morais/Desktop/TQS/TQS_PROJECT/projX/target/surefire 2025-05-23T15-52-54_717-jvmRun1 surefire-20250523155254877_1tmp surefire_0-20250523155254877_2tmp"/>
    <property name="jdk.debug" value="release"/>
    <property name="surefire.test.class.path" value="/mnt/c/users/João Morais/Desktop/TQS/TQS_PROJECT/projX/target/test-classes:/mnt/c/users/João Morais/Desktop/TQS/TQS_PROJECT/projX/target/classes:/home/bruhlin/.m2/repository/org/springframework/boot/spring-boot-starter-web/3.4.5/spring-boot-starter-web-3.4.5.jar:/home/bruhlin/.m2/repository/org/springframework/boot/spring-boot-starter/3.4.5/spring-boot-starter-3.4.5.jar:/home/bruhlin/.m2/repository/org/springframework/boot/spring-boot-starter-logging/3.4.5/spring-boot-starter-logging-3.4.5.jar:/home/bruhlin/.m2/repository/ch/qos/logback/logback-classic/1.5.18/logback-classic-1.5.18.jar:/home/bruhlin/.m2/repository/ch/qos/logback/logback-core/1.5.18/logback-core-1.5.18.jar:/home/bruhlin/.m2/repository/org/apache/logging/log4j/log4j-to-slf4j/2.24.3/log4j-to-slf4j-2.24.3.jar:/home/bruhlin/.m2/repository/org/apache/logging/log4j/log4j-api/2.24.3/log4j-api-2.24.3.jar:/home/bruhlin/.m2/repository/org/slf4j/jul-to-slf4j/2.0.17/jul-to-slf4j-2.0.17.jar:/home/bruhlin/.m2/repository/jakarta/annotation/jakarta.annotation-api/2.1.1/jakarta.annotation-api-2.1.1.jar:/home/bruhlin/.m2/repository/org/yaml/snakeyaml/2.3/snakeyaml-2.3.jar:/home/bruhlin/.m2/repository/org/springframework/boot/spring-boot-starter-json/3.4.5/spring-boot-starter-json-3.4.5.jar:/home/bruhlin/.m2/repository/com/fasterxml/jackson/datatype/jackson-datatype-jdk8/2.18.3/jackson-datatype-jdk8-2.18.3.jar:/home/bruhlin/.m2/repository/com/fasterxml/jackson/datatype/jackson-datatype-jsr310/2.18.3/jackson-datatype-jsr310-2.18.3.jar:/home/bruhlin/.m2/repository/com/fasterxml/jackson/module/jackson-module-parameter-names/2.18.3/jackson-module-parameter-names-2.18.3.jar:/home/bruhlin/.m2/repository/org/springframework/boot/spring-boot-starter-tomcat/3.4.5/spring-boot-starter-tomcat-3.4.5.jar:/home/bruhlin/.m2/repository/org/apache/tomcat/embed/tomcat-embed-core/10.1.40/tomcat-embed-core-10.1.40.jar:/home/bruhlin/.m2/repository/org/apache/tomcat/embed/tomcat-embed-websocket/10.1.40/tomcat-embed-websocket-10.1.40.jar:/home/bruhlin/.m2/repository/org/springframework/spring-web/6.2.6/spring-web-6.2.6.jar:/home/bruhlin/.m2/repository/org/springframework/spring-beans/6.2.6/spring-beans-6.2.6.jar:/home/bruhlin/.m2/repository/io/micrometer/micrometer-observation/1.14.6/micrometer-observation-1.14.6.jar:/home/bruhlin/.m2/repository/io/micrometer/micrometer-commons/1.14.6/micrometer-commons-1.14.6.jar:/home/bruhlin/.m2/repository/org/springframework/spring-webmvc/6.2.6/spring-webmvc-6.2.6.jar:/home/bruhlin/.m2/repository/org/springframework/spring-aop/6.2.6/spring-aop-6.2.6.jar:/home/bruhlin/.m2/repository/org/springframework/spring-context/6.2.6/spring-context-6.2.6.jar:/home/bruhlin/.m2/repository/org/springframework/spring-expression/6.2.6/spring-expression-6.2.6.jar:/home/bruhlin/.m2/repository/org/springframework/boot/spring-boot-starter-data-jpa/3.4.5/spring-boot-starter-data-jpa-3.4.5.jar:/home/bruhlin/.m2/repository/org/springframework/boot/spring-boot-starter-jdbc/3.4.5/spring-boot-starter-jdbc-3.4.5.jar:/home/bruhlin/.m2/repository/com/zaxxer/HikariCP/5.1.0/HikariCP-5.1.0.jar:/home/bruhlin/.m2/repository/org/springframework/spring-jdbc/6.2.6/spring-jdbc-6.2.6.jar:/home/bruhlin/.m2/repository/org/hibernate/orm/hibernate-core/6.6.13.Final/hibernate-core-6.6.13.Final.jar:/home/bruhlin/.m2/repository/jakarta/persistence/jakarta.persistence-api/3.1.0/jakarta.persistence-api-3.1.0.jar:/home/bruhlin/.m2/repository/jakarta/transaction/jakarta.transaction-api/2.0.1/jakarta.transaction-api-2.0.1.jar:/home/bruhlin/.m2/repository/org/jboss/logging/jboss-logging/3.6.1.Final/jboss-logging-3.6.1.Final.jar:/home/bruhlin/.m2/repository/org/hibernate/common/hibernate-commons-annotations/7.0.3.Final/hibernate-commons-annotations-7.0.3.Final.jar:/home/bruhlin/.m2/repository/io/smallrye/jandex/3.2.0/jandex-3.2.0.jar:/home/bruhlin/.m2/repository/com/fasterxml/classmate/1.7.0/classmate-1.7.0.jar:/home/bruhlin/.m2/repository/net/bytebuddy/byte-buddy/1.15.11/byte-buddy-1.15.11.jar:/home/bruhlin/.m2/repository/org/glassfish/jaxb/jaxb-runtime/4.0.5/jaxb-runtime-4.0.5.jar:/home/bruhlin/.m2/repository/org/glassfish/jaxb/jaxb-core/4.0.5/jaxb-core-4.0.5.jar:/home/bruhlin/.m2/repository/org/eclipse/angus/angus-activation/2.0.2/angus-activation-2.0.2.jar:/home/bruhlin/.m2/repository/org/glassfish/jaxb/txw2/4.0.5/txw2-4.0.5.jar:/home/bruhlin/.m2/repository/com/sun/istack/istack-commons-runtime/4.1.2/istack-commons-runtime-4.1.2.jar:/home/bruhlin/.m2/repository/jakarta/inject/jakarta.inject-api/2.0.1/jakarta.inject-api-2.0.1.jar:/home/bruhlin/.m2/repository/org/antlr/antlr4-runtime/4.13.0/antlr4-runtime-4.13.0.jar:/home/bruhlin/.m2/repository/org/springframework/data/spring-data-jpa/3.4.5/spring-data-jpa-3.4.5.jar:/home/bruhlin/.m2/repository/org/springframework/data/spring-data-commons/3.4.5/spring-data-commons-3.4.5.jar:/home/bruhlin/.m2/repository/org/springframework/spring-orm/6.2.6/spring-orm-6.2.6.jar:/home/bruhlin/.m2/repository/org/springframework/spring-tx/6.2.6/spring-tx-6.2.6.jar:/home/bruhlin/.m2/repository/org/slf4j/slf4j-api/2.0.17/slf4j-api-2.0.17.jar:/home/bruhlin/.m2/repository/org/springframework/spring-aspects/6.2.6/spring-aspects-6.2.6.jar:/home/bruhlin/.m2/repository/org/aspectj/aspectjweaver/1.9.24/aspectjweaver-1.9.24.jar:/home/bruhlin/.m2/repository/jakarta/validation/jakarta.validation-api/3.0.2/jakarta.validation-api-3.0.2.jar:/home/bruhlin/.m2/repository/org/springframework/boot/spring-boot-starter-validation/3.4.5/spring-boot-starter-validation-3.4.5.jar:/home/bruhlin/.m2/repository/org/apache/tomcat/embed/tomcat-embed-el/10.1.40/tomcat-embed-el-10.1.40.jar:/home/bruhlin/.m2/repository/org/hibernate/validator/hibernate-validator/8.0.2.Final/hibernate-validator-8.0.2.Final.jar:/home/bruhlin/.m2/repository/org/projectlombok/lombok/1.18.38/lombok-1.18.38.jar:/home/bruhlin/.m2/repository/org/springdoc/springdoc-openapi-starter-webmvc-ui/2.6.0/springdoc-openapi-starter-webmvc-ui-2.6.0.jar:/home/bruhlin/.m2/repository/org/springdoc/springdoc-openapi-starter-webmvc-api/2.6.0/springdoc-openapi-starter-webmvc-api-2.6.0.jar:/home/bruhlin/.m2/repository/org/springdoc/springdoc-openapi-starter-common/2.6.0/springdoc-openapi-starter-common-2.6.0.jar:/home/bruhlin/.m2/repository/io/swagger/core/v3/swagger-core-jakarta/2.2.22/swagger-core-jakarta-2.2.22.jar:/home/bruhlin/.m2/repository/org/apache/commons/commons-lang3/3.17.0/commons-lang3-3.17.0.jar:/home/bruhlin/.m2/repository/io/swagger/core/v3/swagger-annotations-jakarta/2.2.22/swagger-annotations-jakarta-2.2.22.jar:/home/bruhlin/.m2/repository/io/swagger/core/v3/swagger-models-jakarta/2.2.22/swagger-models-jakarta-2.2.22.jar:/home/bruhlin/.m2/repository/com/fasterxml/jackson/dataformat/jackson-dataformat-yaml/2.18.3/jackson-dataformat-yaml-2.18.3.jar:/home/bruhlin/.m2/repository/org/webjars/swagger-ui/5.17.14/swagger-ui-5.17.14.jar:/home/bruhlin/.m2/repository/com/mysql/mysql-connector-j/8.0.33/mysql-connector-j-8.0.33.jar:/home/bruhlin/.m2/repository/com/h2database/h2/2.3.232/h2-2.3.232.jar:/home/bruhlin/.m2/repository/org/springframework/boot/spring-boot-starter-test/3.4.5/spring-boot-starter-test-3.4.5.jar:/home/bruhlin/.m2/repository/org/springframework/boot/spring-boot-test/3.4.5/spring-boot-test-3.4.5.jar:/home/bruhlin/.m2/repository/org/springframework/boot/spring-boot-test-autoconfigure/3.4.5/spring-boot-test-autoconfigure-3.4.5.jar:/home/bruhlin/.m2/repository/com/jayway/jsonpath/json-path/2.9.0/json-path-2.9.0.jar:/home/bruhlin/.m2/repository/jakarta/xml/bind/jakarta.xml.bind-api/4.0.2/jakarta.xml.bind-api-4.0.2.jar:/home/bruhlin/.m2/repository/jakarta/activation/jakarta.activation-api/2.1.3/jakarta.activation-api-2.1.3.jar:/home/bruhlin/.m2/repository/net/minidev/json-smart/2.5.2/json-smart-2.5.2.jar:/home/bruhlin/.m2/repository/net/minidev/accessors-smart/2.5.2/accessors-smart-2.5.2.jar:/home/bruhlin/.m2/repository/org/ow2/asm/asm/9.7.1/asm-9.7.1.jar:/home/bruhlin/.m2/repository/org/assertj/assertj-core/3.26.3/assertj-core-3.26.3.jar:/home/bruhlin/.m2/repository/org/awaitility/awaitility/4.2.2/awaitility-4.2.2.jar:/home/bruhlin/.m2/repository/org/hamcrest/hamcrest/2.2/hamcrest-2.2.jar:/home/bruhlin/.m2/repository/org/junit/jupiter/junit-jupiter/5.11.4/junit-jupiter-5.11.4.jar:/home/bruhlin/.m2/repository/org/junit/jupiter/junit-jupiter-params/5.11.4/junit-jupiter-params-5.11.4.jar:/home/bruhlin/.m2/repository/org/junit/jupiter/junit-jupiter-engine/5.11.4/junit-jupiter-engine-5.11.4.jar:/home/bruhlin/.m2/repository/org/mockito/mockito-core/5.14.2/mockito-core-5.14.2.jar:/home/bruhlin/.m2/repository/net/bytebuddy/byte-buddy-agent/1.15.11/byte-buddy-agent-1.15.11.jar:/home/bruhlin/.m2/repository/org/objenesis/objenesis/3.3/objenesis-3.3.jar:/home/bruhlin/.m2/repository/org/mockito/mockito-junit-jupiter/5.14.2/mockito-junit-jupiter-5.14.2.jar:/home/bruhlin/.m2/repository/org/skyscreamer/jsonassert/1.5.3/jsonassert-1.5.3.jar:/home/bruhlin/.m2/repository/com/vaadin/external/google/android-json/0.0.20131108.vaadin1/android-json-0.0.20131108.vaadin1.jar:/home/bruhlin/.m2/repository/org/springframework/spring-core/6.2.6/spring-core-6.2.6.jar:/home/bruhlin/.m2/repository/org/springframework/spring-jcl/6.2.6/spring-jcl-6.2.6.jar:/home/bruhlin/.m2/repository/org/springframework/spring-test/6.2.6/spring-test-6.2.6.jar:/home/bruhlin/.m2/repository/org/xmlunit/xmlunit-core/2.10.0/xmlunit-core-2.10.0.jar:/home/bruhlin/.m2/repository/com/fasterxml/jackson/core/jackson-databind/2.18.3/jackson-databind-2.18.3.jar:/home/bruhlin/.m2/repository/com/fasterxml/jackson/core/jackson-annotations/2.18.3/jackson-annotations-2.18.3.jar:/home/bruhlin/.m2/repository/com/fasterxml/jackson/core/jackson-core/2.18.3/jackson-core-2.18.3.jar:/home/bruhlin/.m2/repository/io/cucumber/cucumber-java/7.22.1/cucumber-java-7.22.1.jar:/home/bruhlin/.m2/repository/io/cucumber/cucumber-core/7.22.1/cucumber-core-7.22.1.jar:/home/bruhlin/.m2/repository/io/cucumber/cucumber-gherkin/7.22.1/cucumber-gherkin-7.22.1.jar:/home/bruhlin/.m2/repository/io/cucumber/cucumber-gherkin-messages/7.22.1/cucumber-gherkin-messages-7.22.1.jar:/home/bruhlin/.m2/repository/io/cucumber/gherkin/32.1.1/gherkin-32.1.1.jar:/home/bruhlin/.m2/repository/io/cucumber/messages/27.2.0/messages-27.2.0.jar:/home/bruhlin/.m2/repository/io/cucumber/testng-xml-formatter/0.3.1/testng-xml-formatter-0.3.1.jar:/home/bruhlin/.m2/repository/io/cucumber/query/13.2.0/query-13.2.0.jar:/home/bruhlin/.m2/repository/io/cucumber/tag-expressions/6.1.2/tag-expressions-6.1.2.jar:/home/bruhlin/.m2/repository/io/cucumber/cucumber-expressions/18.0.1/cucumber-expressions-18.0.1.jar:/home/bruhlin/.m2/repository/io/cucumber/datatable/7.22.1/datatable-7.22.1.jar:/home/bruhlin/.m2/repository/io/cucumber/cucumber-plugin/7.22.1/cucumber-plugin-7.22.1.jar:/home/bruhlin/.m2/repository/io/cucumber/docstring/7.22.1/docstring-7.22.1.jar:/home/bruhlin/.m2/repository/io/cucumber/html-formatter/21.10.1/html-formatter-21.10.1.jar:/home/bruhlin/.m2/repository/io/cucumber/junit-xml-formatter/0.7.1/junit-xml-formatter-0.7.1.jar:/home/bruhlin/.m2/repository/io/cucumber/ci-environment/10.0.1/ci-environment-10.0.1.jar:/home/bruhlin/.m2/repository/org/apiguardian/apiguardian-api/1.1.2/apiguardian-api-1.1.2.jar:/home/bruhlin/.m2/repository/app/getxray/xray-junit-extensions/0.7.3/xray-junit-extensions-0.7.3.jar:/home/bruhlin/.m2/repository/org/junit/jupiter/junit-jupiter-api/5.11.4/junit-jupiter-api-5.11.4.jar:/home/bruhlin/.m2/repository/org/opentest4j/opentest4j/1.3.0/opentest4j-1.3.0.jar:/home/bruhlin/.m2/repository/org/junit/platform/junit-platform-reporting/1.11.4/junit-platform-reporting-1.11.4.jar:/home/bruhlin/.m2/repository/org/junit/platform/junit-platform-launcher/1.11.4/junit-platform-launcher-1.11.4.jar:/home/bruhlin/.m2/repository/org/junit/platform/junit-platform-engine/1.11.4/junit-platform-engine-1.11.4.jar:/home/bruhlin/.m2/repository/org/junit/platform/junit-platform-commons/1.11.4/junit-platform-commons-1.11.4.jar:/home/bruhlin/.m2/repository/org/springframework/boot/spring-boot-devtools/3.4.5/spring-boot-devtools-3.4.5.jar:/home/bruhlin/.m2/repository/org/springframework/boot/spring-boot/3.4.5/spring-boot-3.4.5.jar:/home/bruhlin/.m2/repository/org/springframework/boot/spring-boot-autoconfigure/3.4.5/spring-boot-autoconfigure-3.4.5.jar:"/>
    <property name="sun.cpu.endian" value="little"/>
    <property name="user.home" value="/home/bruhlin"/>
    <property name="user.language" value="en"/>
    <property name="java.specification.vendor" value="Oracle Corporation"/>
    <property name="java.version.date" value="2025-04-15"/>
    <property name="java.home" value="/usr/lib/jvm/java-21-openjdk-amd64"/>
    <property name="file.separator" value="/"/>
    <property name="basedir" value="/mnt/c/users/João Morais/Desktop/TQS/TQS_PROJECT/projX"/>
    <property name="java.vm.compressedOopsMode" value="32-bit"/>
    <property name="line.separator" value="&#10;"/>
    <property name="java.vm.specification.vendor" value="Oracle Corporation"/>
    <property name="java.specification.name" value="Java Platform API Specification"/>
    <property name="FILE_LOG_CHARSET" value="UTF-8"/>
    <property name="java.awt.headless" value="true"/>
    <property name="surefire.real.class.path" value="/mnt/c/users/João Morais/Desktop/TQS/TQS_PROJECT/projX/target/surefire/surefirebooter-20250523155254877_3.jar"/>
    <property name="sun.management.compiler" value="HotSpot 64-Bit Tiered Compilers"/>
    <property name="java.runtime.version" value="21.0.7+6-Ubuntu-0ubuntu124.04"/>
    <property name="user.name" value="bruhlin"/>
    <property name="stdout.encoding" value="UTF-8"/>
    <property name="path.separator" value=":"/>
    <property name="os.version" value="5.15.90.1-microsoft-standard-WSL2"/>
    <property name="java.runtime.name" value="OpenJDK Runtime Environment"/>
    <property name="file.encoding" value="UTF-8"/>
    <property name="java.vm.name" value="OpenJDK 64-Bit Server VM"/>
    <property name="localRepository" value="/home/bruhlin/.m2/repository"/>
    <property name="java.vendor.url.bug" value="https://bugs.launchpad.net/ubuntu/+source/openjdk-21"/>
    <property name="java.io.tmpdir" value="/tmp"/>
    <property name="java.version" value="21.0.7"/>
    <property name="user.dir" value="/mnt/c/users/João Morais/Desktop/TQS/TQS_PROJECT/projX"/>
    <property name="os.arch" value="amd64"/>
    <property name="java.vm.specification.name" value="Java Virtual Machine Specification"/>
    <property name="PID" value="1459"/>
    <property name="CONSOLE_LOG_CHARSET" value="UTF-8"/>
    <property name="native.encoding" value="UTF-8"/>
    <property name="java.library.path" value="/usr/java/packages/lib:/usr/lib/x86_64-linux-gnu/jni:/lib/x86_64-linux-gnu:/usr/lib/x86_64-linux-gnu:/usr/lib/jni:/lib:/usr/lib"/>
    <property name="java.vm.info" value="mixed mode, sharing"/>
    <property name="stderr.encoding" value="UTF-8"/>
    <property name="java.vendor" value="Ubuntu"/>
    <property name="java.vm.version" value="21.0.7+6-Ubuntu-0ubuntu124.04"/>
    <property name="sun.io.unicode.encoding" value="UnicodeLittle"/>
    <property name="java.class.version" value="65.0"/>
    <property name="LOGGED_APPLICATION_NAME" value="[project] "/>
  </properties>
  <testcase name="testCreateCarInvalid" classname="tqs.project.controller.CarControllerTest" time="1.878">
    <system-out><![CDATA[15:52:58.234 [main] INFO org.springframework.test.context.support.AnnotationConfigContextLoaderUtils -- Could not detect default configuration classes for test class [tqs.project.controller.CarControllerTest]: CarControllerTest does not declare any static, non-private, non-final, nested classes annotated with @Configuration.
15:52:59.286 [main] INFO org.springframework.boot.test.context.SpringBootTestContextBootstrapper -- Found @SpringBootConfiguration tqs.project.NikEvApplication for test class tqs.project.controller.CarControllerTest
15:52:59.856 [main] INFO org.springframework.boot.devtools.restart.RestartApplicationListener -- Restart disabled due to context in which it is running

  .   ____          _            __ _ _
 /\\ / ___'_ __ _ _(_)_ __  __ _ \ \ \ \
( ( )\___ | '_ | '_| | '_ \/ _` | \ \ \ \
 \\/  ___)| |_)| | | | | || (_| |  ) ) ) )
  '  |____| .__|_| |_|_| |_\__, | / / / /
 =========|_|==============|___/=/_/_/_/

 :: Spring Boot ::                (v3.4.5)

2025-05-23T15:53:01.882+01:00  INFO 1459 --- [project] [           main] t.project.controller.CarControllerTest   : Starting CarControllerTest using Java 21.0.7 with PID 1459 (started by bruhlin in /mnt/c/users/João Morais/Desktop/TQS/TQS_PROJECT/projX)
2025-05-23T15:53:01.886+01:00  INFO 1459 --- [project] [           main] t.project.controller.CarControllerTest   : No active profile set, falling back to 1 default profile: "default"
2025-05-23T15:53:01.965+01:00 DEBUG 1459 --- [project] [           main] o.s.w.c.s.GenericWebApplicationContext   : Refreshing org.springframework.web.context.support.GenericWebApplicationContext@236c098
2025-05-23T15:53:10.084+01:00 DEBUG 1459 --- [project] [           main] s.w.s.m.m.a.RequestMappingHandlerMapping : 5 mappings in 'requestMappingHandlerMapping'
2025-05-23T15:53:10.719+01:00 DEBUG 1459 --- [project] [           main] o.s.w.s.handler.SimpleUrlHandlerMapping  : Patterns [/webjars/**, /**] in 'resourceHandlerMapping'
2025-05-23T15:53:10.901+01:00 DEBUG 1459 --- [project] [           main] s.w.s.m.m.a.RequestMappingHandlerAdapter : ControllerAdvice beans: 0 @ModelAttribute, 0 @InitBinder, 1 RequestBodyAdvice, 1 ResponseBodyAdvice
2025-05-23T15:53:11.214+01:00 DEBUG 1459 --- [project] [           main] .m.m.a.ExceptionHandlerExceptionResolver : ControllerAdvice beans: 1 @ExceptionHandler, 1 ResponseBodyAdvice
2025-05-23T15:53:11.374+01:00  INFO 1459 --- [project] [           main] o.s.b.t.m.w.SpringBootMockServletContext : Initializing Spring TestDispatcherServlet ''
2025-05-23T15:53:11.375+01:00  INFO 1459 --- [project] [           main] o.s.t.web.servlet.TestDispatcherServlet  : Initializing Servlet ''
2025-05-23T15:53:11.380+01:00  INFO 1459 --- [project] [           main] o.s.t.web.servlet.TestDispatcherServlet  : Completed initialization in 4 ms
2025-05-23T15:53:11.451+01:00  INFO 1459 --- [project] [           main] t.project.controller.CarControllerTest   : Started CarControllerTest in 11.68 seconds (process running for 16.47)
2025-05-23T15:53:12.095+01:00 DEBUG 1459 --- [project] [           main] s.w.s.m.m.a.RequestMappingHandlerMapping : Mapped to tqs.project.controller.CarController#createCar(CarDTO)
2025-05-23T15:53:12.326+01:00 DEBUG 1459 --- [project] [           main] m.m.a.RequestResponseBodyMethodProcessor : Read "application/json;charset=UTF-8" to [tqs.project.dto.CarDTO@494f74cd]
2025-05-23T15:53:12.777+01:00 DEBUG 1459 --- [project] [           main] .m.m.a.ExceptionHandlerExceptionResolver : Using @ExceptionHandler tqs.project.exception.GlobalExceptionHandler#handleValidationErrors(MethodArgumentNotValidException)
2025-05-23T15:53:12.819+01:00 DEBUG 1459 --- [project] [           main] o.s.w.s.m.m.a.HttpEntityMethodProcessor  : Using 'application/json', given [*/*] and supported [application/json, application/*+json, application/yaml]
2025-05-23T15:53:12.820+01:00 DEBUG 1459 --- [project] [           main] o.s.w.s.m.m.a.HttpEntityMethodProcessor  : Writing [{errors={model=O modelo é obrigatório., brand=A marca é obrigatória.}, timestamp=2025-05-23T15:53:12 (truncated)...]
2025-05-23T15:53:12.885+01:00 DEBUG 1459 --- [project] [           main] .m.m.a.ExceptionHandlerExceptionResolver : Resolved [org.springframework.web.bind.MethodArgumentNotValidException: Validation failed for argument [0] in public tqs.project.model.Car tqs.project.controller.CarController.createCar(tqs.project.dto.CarDTO) with 2 errors: [Field error in object 'carDTO' on field 'model': rejected value []; codes [NotBlank.carDTO.model,NotBlank.model,NotBlank.java.lang.String,NotBlank]; arguments [org.springframework.context.support.DefaultMessageSourceResolvable: codes [carDTO.model,model]; arguments []; default message [model]]; default message [O modelo é obrigatório.]] [Field error in object 'carDTO' on field 'brand': rejected value []; codes [NotBlank.carDTO.brand,NotBlank.brand,NotBlank.java.lang.String,NotBlank]; arguments [org.springframework.context.support.DefaultMessageSourceResolvable: codes [carDTO.brand,brand]; arguments []; default message [brand]]; default message [A marca é obrigatória.]] ]
]]></system-out>
    <system-err><![CDATA[Mockito is currently self-attaching to enable the inline-mock-maker. This will no longer work in future releases of the JDK. Please add Mockito as an agent to your build what is described in Mockito's documentation: https://javadoc.io/doc/org.mockito/mockito-core/latest/org/mockito/Mockito.html#0.3
WARNING: A Java agent has been loaded dynamically (/home/bruhlin/.m2/repository/net/bytebuddy/byte-buddy-agent/1.15.11/byte-buddy-agent-1.15.11.jar)
WARNING: If a serviceability tool is in use, please run with -XX:+EnableDynamicAgentLoading to hide this warning
WARNING: If a serviceability tool is not in use, please run with -Djdk.instrument.traceUsage for more information
WARNING: Dynamic loading of agents will be disallowed by default in a future release
]]></system-err>
  </testcase>
</testsuite>